/Users/aj/PycharmProjects/quickreader/.venv/lib/python3.9/site-packages/urllib3/__init__.py:35: NotOpenSSLWarning: urllib3 v2 only supports OpenSSL 1.1.1+, currently the 'ssl' module is compiled with 'LibreSSL 2.8.3'. See: https://github.com/urllib3/urllib3/issues/3020
  warnings.warn(
2025-03-17 17:14:19,615 - reading_progress - INFO - Database initialized successfully
2025-03-17 17:14:19,615 - reading_progress - INFO - Database migration completed successfully
2025-03-17 17:14:19,615 - reading_progress - INFO - Database migration completed successfully
2025-03-17 17:14:19,615 - __main__ - INFO - Clearing invalid cache entries
2025-03-17 17:14:19,615 - __main__ - INFO - Cleared 0 invalid cache entries
qt.qpa.fonts: Populating font family aliases took 129 ms. Replace uses of missing font family "Microsoft YaHei" with one that exists to avoid this cost. 
/Users/aj/PycharmProjects/quickreader/main.py:778: DeprecationWarning: 'exec_' will be removed in the future. Use 'exec' instead.
  sys.exit(app.exec_())
2025-03-17 17:14:20.011 python[10321:725738] +[IMKClient subclass]: chose IMKClient_Modern
2025-03-17 17:14:20.011 python[10321:725738] +[IMKInputSession subclass]: chose IMKInputSession_Modern
2025-03-17 17:14:22,096 - sources - INFO - Attempting to get chapter list from https://www.dxmwx.org/chapter/55500.html
2025-03-17 17:14:22,096 - sources - INFO - Using chapter list URL: https://www.dxmwx.org/chapter/55500.html
2025-03-17 17:14:22,112 - urllib3.connectionpool - DEBUG - Starting new HTTPS connection (1): www.dxmwx.org:443
2025-03-17 17:14:22,528 - urllib3.connectionpool - DEBUG - https://www.dxmwx.org:443 "GET /chapter/55500.html HTTP/1.1" 200 None
2025-03-17 17:14:22,598 - sources - DEBUG - Response status: 200
2025-03-17 17:14:22,598 - sources - DEBUG - Response headers: {'Server': 'nginx/1.24.0 (Ubuntu)', 'Date': 'Tue, 18 Mar 2025 00:14:22 GMT', 'Content-Type': 'text/html;charset=utf-8', 'Transfer-Encoding': 'chunked', 'Connection': 'keep-alive', 'Vary': 'Accept-Encoding', 'Cache-Control': 'public', 'Expires': 'Tue, 18 Mar 2025 00:44:18 GMT', 'Content-Encoding': 'gzip'}
2025-03-17 17:14:22,598 - sources - DEBUG - Using encoding: utf-8
2025-03-17 17:14:22,725 - sources - INFO - Successfully extracted 2764 chapters
2025-03-17 17:14:23,191 - __main__ - INFO - Loading chapter from URL: https://www.dxmwx.org/read/55500_41833594.html
2025-03-17 17:14:23,895 - __main__ - INFO - Loading chapter from URL: https://www.dxmwx.org/read/55500_41833686.html
2025-03-17 17:14:24,446 - __main__ - INFO - Loading chapter from URL: https://www.dxmwx.org/read/55500_41833686.html
2025-03-17 17:14:24,896 - __main__ - INFO - Loading chapter from URL: https://www.dxmwx.org/read/55500_41833686.html
